<?xml version="1.0" encoding="UTF-8"?>
<testsuite name="ca.mcgill.ecse321.SportsCenterApp.service.CustomerServiceTests" tests="5" skipped="0" failures="0" errors="0" timestamp="2024-03-26T01:41:54" hostname="Lukes-MBP-4" time="0.031">
  <properties/>
  <testcase name="testUpdateCustomerAccountBalance()" classname="ca.mcgill.ecse321.SportsCenterApp.service.CustomerServiceTests" time="0.009"/>
  <testcase name="testGetAllCustomers()" classname="ca.mcgill.ecse321.SportsCenterApp.service.CustomerServiceTests" time="0.004"/>
  <testcase name="testCreateCustomer()" classname="ca.mcgill.ecse321.SportsCenterApp.service.CustomerServiceTests" time="0.005"/>
  <testcase name="testUpdateCustomerEmail()" classname="ca.mcgill.ecse321.SportsCenterApp.service.CustomerServiceTests" time="0.004"/>
  <testcase name="testGetCustomer()" classname="ca.mcgill.ecse321.SportsCenterApp.service.CustomerServiceTests" time="0.004"/>
  <system-out><![CDATA[]]></system-out>
  <system-err><![CDATA[]]></system-err>
</testsuite>
