<?xml version="1.0" encoding="UTF-8"?>
<testsuite name="ca.mcgill.ecse321.SportsCenterApp.repository.SessionRepositoryTests" tests="2" skipped="0" failures="0" errors="0" timestamp="2024-03-26T01:41:53" hostname="Lukes-MBP-4" time="0.039">
  <properties/>
  <testcase name="testUpdateSession()" classname="ca.mcgill.ecse321.SportsCenterApp.repository.SessionRepositoryTests" time="0.018"/>
  <testcase name="testFindSessionById()" classname="ca.mcgill.ecse321.SportsCenterApp.repository.SessionRepositoryTests" time="0.02"/>
  <system-out><![CDATA[2024-03-25T21:41:53.135-04:00  INFO 33096 --- [    Test worker] t.c.s.AnnotationConfigContextLoaderUtils : Could not detect default configuration classes for test class [ca.mcgill.ecse321.SportsCenterApp.repository.SessionRepositoryTests]: SessionRepositoryTests does not declare any static, non-private, non-final, nested classes annotated with @Configuration.
2024-03-25T21:41:53.137-04:00  INFO 33096 --- [    Test worker] .b.t.c.SpringBootTestContextBootstrapper : Found @SpringBootConfiguration ca.mcgill.ecse321.SportsCenterApp.SportsCenterAppApplication for test class ca.mcgill.ecse321.SportsCenterApp.repository.SessionRepositoryTests
]]></system-out>
  <system-err><![CDATA[]]></system-err>
</testsuite>
