<?xml version="1.0" encoding="UTF-8"?>
<testsuite name="ca.mcgill.ecse321.SportsCenterApp.repository.OwnerRepositoryTests" tests="1" skipped="0" failures="0" errors="0" timestamp="2024-03-26T01:41:53" hostname="Lukes-MBP-4" time="0.014">
  <properties/>
  <testcase name="testFindOwnerById()" classname="ca.mcgill.ecse321.SportsCenterApp.repository.OwnerRepositoryTests" time="0.014"/>
  <system-out><![CDATA[2024-03-25T21:41:53.077-04:00  INFO 33096 --- [    Test worker] t.c.s.AnnotationConfigContextLoaderUtils : Could not detect default configuration classes for test class [ca.mcgill.ecse321.SportsCenterApp.repository.OwnerRepositoryTests]: OwnerRepositoryTests does not declare any static, non-private, non-final, nested classes annotated with @Configuration.
2024-03-25T21:41:53.078-04:00  INFO 33096 --- [    Test worker] .b.t.c.SpringBootTestContextBootstrapper : Found @SpringBootConfiguration ca.mcgill.ecse321.SportsCenterApp.SportsCenterAppApplication for test class ca.mcgill.ecse321.SportsCenterApp.repository.OwnerRepositoryTests
]]></system-out>
  <system-err><![CDATA[]]></system-err>
</testsuite>
