<?xml version="1.0" encoding="UTF-8"?>
<testsuite name="ca.mcgill.ecse321.SportsCenterApp.SportsCenterAppApplicationTests" tests="1" skipped="0" failures="0" errors="0" timestamp="2024-03-26T01:41:46" hostname="Lukes-MBP-4" time="0.85">
  <properties/>
  <testcase name="contextLoads()" classname="ca.mcgill.ecse321.SportsCenterApp.SportsCenterAppApplicationTests" time="0.85"/>
  <system-out><![CDATA[21:41:38.702 [Test worker] INFO org.springframework.test.context.support.AnnotationConfigContextLoaderUtils -- Could not detect default configuration classes for test class [ca.mcgill.ecse321.SportsCenterApp.SportsCenterAppApplicationTests]: SportsCenterAppApplicationTests does not declare any static, non-private, non-final, nested classes annotated with @Configuration.
21:41:39.007 [Test worker] INFO org.springframework.boot.test.context.SpringBootTestContextBootstrapper -- Found @SpringBootConfiguration ca.mcgill.ecse321.SportsCenterApp.SportsCenterAppApplication for test class ca.mcgill.ecse321.SportsCenterApp.SportsCenterAppApplicationTests

  .   ____          _            __ _ _
 /\\ / ___'_ __ _ _(_)_ __  __ _ \ \ \ \
( ( )\___ | '_ | '_| | '_ \/ _` | \ \ \ \
 \\/  ___)| |_)| | | | | || (_| |  ) ) ) )
  '  |____| .__|_| |_|_| |_\__, | / / / /
 =========|_|==============|___/=/_/_/_/
 :: Spring Boot ::                (v3.2.2)

2024-03-25T21:41:39.723-04:00  INFO 33096 --- [    Test worker] c.m.e.S.SportsCenterAppApplicationTests  : Starting SportsCenterAppApplicationTests using Java 17.0.10 with PID 33096 (started by lukefreund in /Users/lukefreund/Desktop/McGill/SEM4/ECSE321/project-group-11)
2024-03-25T21:41:39.725-04:00  INFO 33096 --- [    Test worker] c.m.e.S.SportsCenterAppApplicationTests  : No active profile set, falling back to 1 default profile: "default"
2024-03-25T21:41:40.946-04:00  INFO 33096 --- [    Test worker] .s.d.r.c.RepositoryConfigurationDelegate : Bootstrapping Spring Data JPA repositories in DEFAULT mode.
2024-03-25T21:41:41.042-04:00  INFO 33096 --- [    Test worker] .s.d.r.c.RepositoryConfigurationDelegate : Finished Spring Data repository scanning in 83 ms. Found 7 JPA repository interfaces.
2024-03-25T21:41:41.708-04:00  INFO 33096 --- [    Test worker] o.hibernate.jpa.internal.util.LogHelper  : HHH000204: Processing PersistenceUnitInfo [name: default]
2024-03-25T21:41:41.817-04:00  INFO 33096 --- [    Test worker] org.hibernate.Version                    : HHH000412: Hibernate ORM core version 6.4.1.Final
2024-03-25T21:41:41.879-04:00  INFO 33096 --- [    Test worker] o.h.c.internal.RegionFactoryInitiator    : HHH000026: Second-level cache disabled
2024-03-25T21:41:42.338-04:00  INFO 33096 --- [    Test worker] o.s.o.j.p.SpringPersistenceUnitInfo      : No LoadTimeWeaver setup: ignoring JPA class transformer
2024-03-25T21:41:42.385-04:00  INFO 33096 --- [    Test worker] com.zaxxer.hikari.HikariDataSource       : HikariPool-1 - Starting...
2024-03-25T21:41:42.695-04:00  INFO 33096 --- [    Test worker] com.zaxxer.hikari.pool.HikariPool        : HikariPool-1 - Added connection org.postgresql.jdbc.PgConnection@4037fcc
2024-03-25T21:41:42.698-04:00  INFO 33096 --- [    Test worker] com.zaxxer.hikari.HikariDataSource       : HikariPool-1 - Start completed.
2024-03-25T21:41:42.766-04:00  WARN 33096 --- [    Test worker] org.hibernate.orm.deprecation            : HHH90000025: PostgreSQLDialect does not need to be specified explicitly using 'hibernate.dialect' (remove the property setting and it will be selected by default)
2024-03-25T21:41:44.362-04:00  INFO 33096 --- [    Test worker] o.h.e.t.j.p.i.JtaPlatformInitiator       : HHH000489: No JTA platform available (set 'hibernate.transaction.jta.platform' to enable JTA platform integration)
2024-03-25T21:41:44.396-04:00  WARN 33096 --- [    Test worker] o.h.engine.jdbc.spi.SqlExceptionHelper   : SQL Warning Code: 0, SQLState: 00000
2024-03-25T21:41:44.397-04:00  WARN 33096 --- [    Test worker] o.h.engine.jdbc.spi.SqlExceptionHelper   : relation "registration" does not exist, skipping
2024-03-25T21:41:44.397-04:00  WARN 33096 --- [    Test worker] o.h.engine.jdbc.spi.SqlExceptionHelper   : SQL Warning Code: 0, SQLState: 00000
2024-03-25T21:41:44.398-04:00  WARN 33096 --- [    Test worker] o.h.engine.jdbc.spi.SqlExceptionHelper   : relation "registration" does not exist, skipping
2024-03-25T21:41:44.398-04:00  WARN 33096 --- [    Test worker] o.h.engine.jdbc.spi.SqlExceptionHelper   : SQL Warning Code: 0, SQLState: 00000
2024-03-25T21:41:44.398-04:00  WARN 33096 --- [    Test worker] o.h.engine.jdbc.spi.SqlExceptionHelper   : relation "session" does not exist, skipping
2024-03-25T21:41:44.399-04:00  WARN 33096 --- [    Test worker] o.h.engine.jdbc.spi.SqlExceptionHelper   : SQL Warning Code: 0, SQLState: 00000
2024-03-25T21:41:44.399-04:00  WARN 33096 --- [    Test worker] o.h.engine.jdbc.spi.SqlExceptionHelper   : relation "session" does not exist, skipping
2024-03-25T21:41:44.401-04:00  WARN 33096 --- [    Test worker] o.h.engine.jdbc.spi.SqlExceptionHelper   : SQL Warning Code: 0, SQLState: 00000
2024-03-25T21:41:44.401-04:00  WARN 33096 --- [    Test worker] o.h.engine.jdbc.spi.SqlExceptionHelper   : table "class_type" does not exist, skipping
2024-03-25T21:41:44.402-04:00  WARN 33096 --- [    Test worker] o.h.engine.jdbc.spi.SqlExceptionHelper   : SQL Warning Code: 0, SQLState: 00000
2024-03-25T21:41:44.402-04:00  WARN 33096 --- [    Test worker] o.h.engine.jdbc.spi.SqlExceptionHelper   : table "customer" does not exist, skipping
2024-03-25T21:41:44.403-04:00  WARN 33096 --- [    Test worker] o.h.engine.jdbc.spi.SqlExceptionHelper   : SQL Warning Code: 0, SQLState: 00000
2024-03-25T21:41:44.403-04:00  WARN 33096 --- [    Test worker] o.h.engine.jdbc.spi.SqlExceptionHelper   : table "instructor" does not exist, skipping
2024-03-25T21:41:44.404-04:00  WARN 33096 --- [    Test worker] o.h.engine.jdbc.spi.SqlExceptionHelper   : SQL Warning Code: 0, SQLState: 00000
2024-03-25T21:41:44.404-04:00  WARN 33096 --- [    Test worker] o.h.engine.jdbc.spi.SqlExceptionHelper   : table "owner" does not exist, skipping
2024-03-25T21:41:44.405-04:00  WARN 33096 --- [    Test worker] o.h.engine.jdbc.spi.SqlExceptionHelper   : SQL Warning Code: 0, SQLState: 00000
2024-03-25T21:41:44.405-04:00  WARN 33096 --- [    Test worker] o.h.engine.jdbc.spi.SqlExceptionHelper   : table "registration" does not exist, skipping
2024-03-25T21:41:44.406-04:00  WARN 33096 --- [    Test worker] o.h.engine.jdbc.spi.SqlExceptionHelper   : SQL Warning Code: 0, SQLState: 00000
2024-03-25T21:41:44.406-04:00  WARN 33096 --- [    Test worker] o.h.engine.jdbc.spi.SqlExceptionHelper   : table "session" does not exist, skipping
2024-03-25T21:41:44.406-04:00  WARN 33096 --- [    Test worker] o.h.engine.jdbc.spi.SqlExceptionHelper   : SQL Warning Code: 0, SQLState: 00000
2024-03-25T21:41:44.407-04:00  WARN 33096 --- [    Test worker] o.h.engine.jdbc.spi.SqlExceptionHelper   : sequence "class_type_seq" does not exist, skipping
2024-03-25T21:41:44.407-04:00  WARN 33096 --- [    Test worker] o.h.engine.jdbc.spi.SqlExceptionHelper   : SQL Warning Code: 0, SQLState: 00000
2024-03-25T21:41:44.407-04:00  WARN 33096 --- [    Test worker] o.h.engine.jdbc.spi.SqlExceptionHelper   : sequence "registration_seq" does not exist, skipping
2024-03-25T21:41:44.408-04:00  WARN 33096 --- [    Test worker] o.h.engine.jdbc.spi.SqlExceptionHelper   : SQL Warning Code: 0, SQLState: 00000
2024-03-25T21:41:44.408-04:00  WARN 33096 --- [    Test worker] o.h.engine.jdbc.spi.SqlExceptionHelper   : sequence "session_seq" does not exist, skipping
2024-03-25T21:41:44.408-04:00  WARN 33096 --- [    Test worker] o.h.engine.jdbc.spi.SqlExceptionHelper   : SQL Warning Code: 0, SQLState: 00000
2024-03-25T21:41:44.409-04:00  WARN 33096 --- [    Test worker] o.h.engine.jdbc.spi.SqlExceptionHelper   : sequence "user_table_seq" does not exist, skipping
2024-03-25T21:41:44.472-04:00  INFO 33096 --- [    Test worker] j.LocalContainerEntityManagerFactoryBean : Initialized JPA EntityManagerFactory for persistence unit 'default'
2024-03-25T21:41:44.917-04:00  INFO 33096 --- [    Test worker] o.s.d.j.r.query.QueryEnhancerFactory     : Hibernate is in classpath; If applicable, HQL parser will be used.
2024-03-25T21:41:46.102-04:00  WARN 33096 --- [    Test worker] JpaBaseConfiguration$JpaWebConfiguration : spring.jpa.open-in-view is enabled by default. Therefore, database queries may be performed during view rendering. Explicitly configure spring.jpa.open-in-view to disable this warning
2024-03-25T21:41:46.850-04:00  INFO 33096 --- [    Test worker] c.m.e.S.SportsCenterAppApplicationTests  : Started SportsCenterAppApplicationTests in 7.527 seconds (process running for 10.162)
]]></system-out>
  <system-err><![CDATA[]]></system-err>
</testsuite>
