<?xml version="1.0" encoding="UTF-8"?>
<testsuite name="ca.mcgill.ecse321.SportsCenterApp.repository.UserRepositoryTests" tests="3" skipped="0" failures="0" errors="0" timestamp="2024-03-26T01:41:53" hostname="Lukes-MBP-4" time="0.068">
  <properties/>
  <testcase name="testUpdateUserPasswordByEmail()" classname="ca.mcgill.ecse321.SportsCenterApp.repository.UserRepositoryTests" time="0.046"/>
  <testcase name="testFindUserById()" classname="ca.mcgill.ecse321.SportsCenterApp.repository.UserRepositoryTests" time="0.01"/>
  <testcase name="testFindUserByEmail()" classname="ca.mcgill.ecse321.SportsCenterApp.repository.UserRepositoryTests" time="0.01"/>
  <system-out><![CDATA[2024-03-25T21:41:53.179-04:00  INFO 33096 --- [    Test worker] t.c.s.AnnotationConfigContextLoaderUtils : Could not detect default configuration classes for test class [ca.mcgill.ecse321.SportsCenterApp.repository.UserRepositoryTests]: UserRepositoryTests does not declare any static, non-private, non-final, nested classes annotated with @Configuration.
2024-03-25T21:41:53.180-04:00  INFO 33096 --- [    Test worker] .b.t.c.SpringBootTestContextBootstrapper : Found @SpringBootConfiguration ca.mcgill.ecse321.SportsCenterApp.SportsCenterAppApplication for test class ca.mcgill.ecse321.SportsCenterApp.repository.UserRepositoryTests
]]></system-out>
  <system-err><![CDATA[]]></system-err>
</testsuite>
