<?xml version="1.0" encoding="UTF-8"?>
<testsuite name="ca.mcgill.ecse321.SportsCenterApp.service.InstructorServiceTests" tests="6" skipped="0" failures="0" errors="0" timestamp="2024-03-26T01:41:54" hostname="Lukes-MBP-4" time="0.052">
  <properties/>
  <testcase name="testCreateInstructor()" classname="ca.mcgill.ecse321.SportsCenterApp.service.InstructorServiceTests" time="0.019"/>
  <testcase name="testGetInstructors()" classname="ca.mcgill.ecse321.SportsCenterApp.service.InstructorServiceTests" time="0.006"/>
  <testcase name="TestDeleteInstructor()" classname="ca.mcgill.ecse321.SportsCenterApp.service.InstructorServiceTests" time="0.005"/>
  <testcase name="TestUpdateInstructorPassword()" classname="ca.mcgill.ecse321.SportsCenterApp.service.InstructorServiceTests" time="0.005"/>
  <testcase name="testGetAllInstructors()" classname="ca.mcgill.ecse321.SportsCenterApp.service.InstructorServiceTests" time="0.003"/>
  <testcase name="TestUpdateInstructorEmail()" classname="ca.mcgill.ecse321.SportsCenterApp.service.InstructorServiceTests" time="0.007"/>
  <system-out><![CDATA[]]></system-out>
  <system-err><![CDATA[]]></system-err>
</testsuite>
