<?xml version="1.0" encoding="UTF-8"?>
<testsuite name="ca.mcgill.ecse321.SportsCenterApp.service.SessionServiceTests" tests="5" skipped="0" failures="0" errors="0" timestamp="2024-03-26T01:41:54" hostname="Lukes-MBP-4" time="0.036">
  <properties/>
  <testcase name="testGetSession()" classname="ca.mcgill.ecse321.SportsCenterApp.service.SessionServiceTests" time="0.009"/>
  <testcase name="testUpdateSession()" classname="ca.mcgill.ecse321.SportsCenterApp.service.SessionServiceTests" time="0.006"/>
  <testcase name="testAddInstructorToSession()" classname="ca.mcgill.ecse321.SportsCenterApp.service.SessionServiceTests" time="0.008"/>
  <testcase name="testGetAllSessions()" classname="ca.mcgill.ecse321.SportsCenterApp.service.SessionServiceTests" time="0.003"/>
  <testcase name="testCreateSession()" classname="ca.mcgill.ecse321.SportsCenterApp.service.SessionServiceTests" time="0.006"/>
  <system-out><![CDATA[19:00:00
19:00:00
19:00:00
19:00:00
19:00:00
]]></system-out>
  <system-err><![CDATA[]]></system-err>
</testsuite>
