<?xml version="1.0" encoding="UTF-8"?>
<testsuite name="ca.mcgill.ecse321.SportsCenterApp.controller.CustomerControllerTests" tests="3" skipped="0" failures="0" errors="0" timestamp="2024-03-26T01:41:50" hostname="Lukes-MBP-4" time="0.25">
  <properties/>
  <testcase name="testUpdateCustomerAccountBalance()" classname="ca.mcgill.ecse321.SportsCenterApp.controller.CustomerControllerTests" time="0.1"/>
  <testcase name="testDeleteCustomer()" classname="ca.mcgill.ecse321.SportsCenterApp.controller.CustomerControllerTests" time="0.089"/>
  <testcase name="testCreateAndGetCustomer()" classname="ca.mcgill.ecse321.SportsCenterApp.controller.CustomerControllerTests" time="0.056"/>
  <system-out><![CDATA[2024-03-25T21:41:50.368-04:00  INFO 33096 --- [    Test worker] t.c.s.AnnotationConfigContextLoaderUtils : Could not detect default configuration classes for test class [ca.mcgill.ecse321.SportsCenterApp.controller.CustomerControllerTests]: CustomerControllerTests does not declare any static, non-private, non-final, nested classes annotated with @Configuration.
2024-03-25T21:41:50.370-04:00  INFO 33096 --- [    Test worker] .b.t.c.SpringBootTestContextBootstrapper : Found @SpringBootConfiguration ca.mcgill.ecse321.SportsCenterApp.SportsCenterAppApplication for test class ca.mcgill.ecse321.SportsCenterApp.controller.CustomerControllerTests
]]></system-out>
  <system-err><![CDATA[]]></system-err>
</testsuite>
