<?xml version="1.0" encoding="UTF-8"?>
<testsuite name="ca.mcgill.ecse321.SportsCenterApp.service.OwnerServiceTests" tests="4" skipped="0" failures="0" errors="0" timestamp="2024-03-26T01:41:54" hostname="Lukes-MBP-4" time="0.022">
  <properties/>
  <testcase name="testGetOwner()" classname="ca.mcgill.ecse321.SportsCenterApp.service.OwnerServiceTests" time="0.007"/>
  <testcase name="testCreateOwner()" classname="ca.mcgill.ecse321.SportsCenterApp.service.OwnerServiceTests" time="0.004"/>
  <testcase name="testGetAllOwners()" classname="ca.mcgill.ecse321.SportsCenterApp.service.OwnerServiceTests" time="0.004"/>
  <testcase name="testUpdateOwnerPassword()" classname="ca.mcgill.ecse321.SportsCenterApp.service.OwnerServiceTests" time="0.003"/>
  <system-out><![CDATA[]]></system-out>
  <system-err><![CDATA[]]></system-err>
</testsuite>
