<?xml version="1.0" encoding="UTF-8"?>
<testsuite name="ca.mcgill.ecse321.SportsCenterApp.repository.CustomerRepositoryTests" tests="2" skipped="0" failures="0" errors="0" timestamp="2024-03-26T01:41:52" hostname="Lukes-MBP-4" time="0.118">
  <properties/>
  <testcase name="testFindCustomerByFirstName()" classname="ca.mcgill.ecse321.SportsCenterApp.repository.CustomerRepositoryTests" time="0.108"/>
  <testcase name="testFindCustomerById()" classname="ca.mcgill.ecse321.SportsCenterApp.repository.CustomerRepositoryTests" time="0.009"/>
  <system-out><![CDATA[2024-03-25T21:41:52.820-04:00  INFO 33096 --- [    Test worker] t.c.s.AnnotationConfigContextLoaderUtils : Could not detect default configuration classes for test class [ca.mcgill.ecse321.SportsCenterApp.repository.CustomerRepositoryTests]: CustomerRepositoryTests does not declare any static, non-private, non-final, nested classes annotated with @Configuration.
2024-03-25T21:41:52.822-04:00  INFO 33096 --- [    Test worker] .b.t.c.SpringBootTestContextBootstrapper : Found @SpringBootConfiguration ca.mcgill.ecse321.SportsCenterApp.SportsCenterAppApplication for test class ca.mcgill.ecse321.SportsCenterApp.repository.CustomerRepositoryTests
]]></system-out>
  <system-err><![CDATA[]]></system-err>
</testsuite>
