<?xml version="1.0" encoding="UTF-8"?>
<testsuite name="ca.mcgill.ecse321.SportsCenterApp.controller.RegistrationControllerTests" tests="4" skipped="0" failures="0" errors="0" timestamp="2024-03-26T01:41:51" hostname="Lukes-MBP-4" time="0.276">
  <properties/>
  <testcase name="testCreateAndGetRegistrationInvalid()" classname="ca.mcgill.ecse321.SportsCenterApp.controller.RegistrationControllerTests" time="0.088"/>
  <testcase name="testCreateAndGetRegistration()" classname="ca.mcgill.ecse321.SportsCenterApp.controller.RegistrationControllerTests" time="0.086"/>
  <testcase name="testDeleteRegistrationInvalid()" classname="ca.mcgill.ecse321.SportsCenterApp.controller.RegistrationControllerTests" time="0.05"/>
  <testcase name="testDeleteRegistration()" classname="ca.mcgill.ecse321.SportsCenterApp.controller.RegistrationControllerTests" time="0.05"/>
  <system-out><![CDATA[2024-03-25T21:41:51.120-04:00  INFO 33096 --- [    Test worker] t.c.s.AnnotationConfigContextLoaderUtils : Could not detect default configuration classes for test class [ca.mcgill.ecse321.SportsCenterApp.controller.RegistrationControllerTests]: RegistrationControllerTests does not declare any static, non-private, non-final, nested classes annotated with @Configuration.
2024-03-25T21:41:51.121-04:00  INFO 33096 --- [    Test worker] .b.t.c.SpringBootTestContextBootstrapper : Found @SpringBootConfiguration ca.mcgill.ecse321.SportsCenterApp.SportsCenterAppApplication for test class ca.mcgill.ecse321.SportsCenterApp.controller.RegistrationControllerTests
]]></system-out>
  <system-err><![CDATA[]]></system-err>
</testsuite>
