<?xml version="1.0" encoding="UTF-8"?>
<testsuite name="ca.mcgill.ecse321.SportsCenterApp.repository.ClassTypeRepositoryTests" tests="1" skipped="0" failures="0" errors="0" timestamp="2024-03-26T01:41:52" hostname="Lukes-MBP-4" time="0.063">
  <properties/>
  <testcase name="testFindClassTypeByName()" classname="ca.mcgill.ecse321.SportsCenterApp.repository.ClassTypeRepositoryTests" time="0.063"/>
  <system-out><![CDATA[2024-03-25T21:41:51.654-04:00  INFO 33096 --- [    Test worker] t.c.s.AnnotationConfigContextLoaderUtils : Could not detect default configuration classes for test class [ca.mcgill.ecse321.SportsCenterApp.repository.ClassTypeRepositoryTests]: ClassTypeRepositoryTests does not declare any static, non-private, non-final, nested classes annotated with @Configuration.
2024-03-25T21:41:51.662-04:00  INFO 33096 --- [    Test worker] .b.t.c.SpringBootTestContextBootstrapper : Found @SpringBootConfiguration ca.mcgill.ecse321.SportsCenterApp.SportsCenterAppApplication for test class ca.mcgill.ecse321.SportsCenterApp.repository.ClassTypeRepositoryTests

  .   ____          _            __ _ _
 /\\ / ___'_ __ _ _(_)_ __  __ _ \ \ \ \
( ( )\___ | '_ | '_| | '_ \/ _` | \ \ \ \
 \\/  ___)| |_)| | | | | || (_| |  ) ) ) )
  '  |____| .__|_| |_|_| |_\__, | / / / /
 =========|_|==============|___/=/_/_/_/
 :: Spring Boot ::                (v3.2.2)

2024-03-25T21:41:51.683-04:00  INFO 33096 --- [    Test worker] c.m.e.S.r.ClassTypeRepositoryTests       : Starting ClassTypeRepositoryTests using Java 17.0.10 with PID 33096 (started by lukefreund in /Users/lukefreund/Desktop/McGill/SEM4/ECSE321/project-group-11)
2024-03-25T21:41:51.683-04:00  INFO 33096 --- [    Test worker] c.m.e.S.r.ClassTypeRepositoryTests       : The following 1 profile is active: "test"
2024-03-25T21:41:51.881-04:00  INFO 33096 --- [    Test worker] .s.d.r.c.RepositoryConfigurationDelegate : Bootstrapping Spring Data JPA repositories in DEFAULT mode.
2024-03-25T21:41:51.897-04:00  INFO 33096 --- [    Test worker] .s.d.r.c.RepositoryConfigurationDelegate : Finished Spring Data repository scanning in 15 ms. Found 7 JPA repository interfaces.
2024-03-25T21:41:51.976-04:00  INFO 33096 --- [    Test worker] o.hibernate.jpa.internal.util.LogHelper  : HHH000204: Processing PersistenceUnitInfo [name: default]
2024-03-25T21:41:51.978-04:00  INFO 33096 --- [    Test worker] o.h.c.internal.RegionFactoryInitiator    : HHH000026: Second-level cache disabled
2024-03-25T21:41:51.981-04:00  INFO 33096 --- [    Test worker] o.s.o.j.p.SpringPersistenceUnitInfo      : No LoadTimeWeaver setup: ignoring JPA class transformer
2024-03-25T21:41:51.982-04:00  INFO 33096 --- [    Test worker] com.zaxxer.hikari.HikariDataSource       : HikariPool-3 - Starting...
2024-03-25T21:41:51.997-04:00  INFO 33096 --- [    Test worker] com.zaxxer.hikari.pool.HikariPool        : HikariPool-3 - Added connection org.postgresql.jdbc.PgConnection@7683639c
2024-03-25T21:41:51.998-04:00  INFO 33096 --- [    Test worker] com.zaxxer.hikari.HikariDataSource       : HikariPool-3 - Start completed.
2024-03-25T21:41:52.001-04:00  WARN 33096 --- [    Test worker] org.hibernate.orm.deprecation            : HHH90000025: PostgreSQLDialect does not need to be specified explicitly using 'hibernate.dialect' (remove the property setting and it will be selected by default)
2024-03-25T21:41:52.148-04:00  INFO 33096 --- [    Test worker] o.h.e.t.j.p.i.JtaPlatformInitiator       : HHH000489: No JTA platform available (set 'hibernate.transaction.jta.platform' to enable JTA platform integration)
2024-03-25T21:41:52.431-04:00  INFO 33096 --- [    Test worker] j.LocalContainerEntityManagerFactoryBean : Initialized JPA EntityManagerFactory for persistence unit 'default'
2024-03-25T21:41:52.600-04:00  WARN 33096 --- [    Test worker] JpaBaseConfiguration$JpaWebConfiguration : spring.jpa.open-in-view is enabled by default. Therefore, database queries may be performed during view rendering. Explicitly configure spring.jpa.open-in-view to disable this warning
2024-03-25T21:41:52.753-04:00  INFO 33096 --- [    Test worker] c.m.e.S.r.ClassTypeRepositoryTests       : Started ClassTypeRepositoryTests in 1.089 seconds (process running for 16.065)
]]></system-out>
  <system-err><![CDATA[]]></system-err>
</testsuite>
