<?xml version="1.0" encoding="UTF-8"?>
<testsuite name="ca.mcgill.ecse321.SportsCenterApp.service.AuthenticationServiceTests" tests="18" skipped="0" failures="0" errors="0" timestamp="2024-03-26T01:41:53" hostname="Lukes-MBP-4" time="0.934">
  <properties/>
  <testcase name="testValidCustomerLogout()" classname="ca.mcgill.ecse321.SportsCenterApp.service.AuthenticationServiceTests" time="0.77"/>
  <testcase name="testValidCustomerLogin()" classname="ca.mcgill.ecse321.SportsCenterApp.service.AuthenticationServiceTests" time="0.02"/>
  <testcase name="testInvalidInstructorLogin()" classname="ca.mcgill.ecse321.SportsCenterApp.service.AuthenticationServiceTests" time="0.011"/>
  <testcase name="testInvalidCustomerLogin2()" classname="ca.mcgill.ecse321.SportsCenterApp.service.AuthenticationServiceTests" time="0.008"/>
  <testcase name="testInvalidCustomerLogin3()" classname="ca.mcgill.ecse321.SportsCenterApp.service.AuthenticationServiceTests" time="0.007"/>
  <testcase name="testInvalidCustomerLogout()" classname="ca.mcgill.ecse321.SportsCenterApp.service.AuthenticationServiceTests" time="0.009"/>
  <testcase name="testValidInstructorLogin()" classname="ca.mcgill.ecse321.SportsCenterApp.service.AuthenticationServiceTests" time="0.006"/>
  <testcase name="testInvalidOwnerLogin()" classname="ca.mcgill.ecse321.SportsCenterApp.service.AuthenticationServiceTests" time="0.007"/>
  <testcase name="testInvalidCustomerLogin()" classname="ca.mcgill.ecse321.SportsCenterApp.service.AuthenticationServiceTests" time="0.006"/>
  <testcase name="testValidOwnerLogout()" classname="ca.mcgill.ecse321.SportsCenterApp.service.AuthenticationServiceTests" time="0.006"/>
  <testcase name="testValidInstructorLogout()" classname="ca.mcgill.ecse321.SportsCenterApp.service.AuthenticationServiceTests" time="0.005"/>
  <testcase name="testInvalidOwnerLogin2()" classname="ca.mcgill.ecse321.SportsCenterApp.service.AuthenticationServiceTests" time="0.005"/>
  <testcase name="testInvalidOwnerLogin3()" classname="ca.mcgill.ecse321.SportsCenterApp.service.AuthenticationServiceTests" time="0.006"/>
  <testcase name="testInvalidOwnerLogout()" classname="ca.mcgill.ecse321.SportsCenterApp.service.AuthenticationServiceTests" time="0.005"/>
  <testcase name="testInvalidInstructorLogin2()" classname="ca.mcgill.ecse321.SportsCenterApp.service.AuthenticationServiceTests" time="0.004"/>
  <testcase name="testInvalidInstructorLogin3()" classname="ca.mcgill.ecse321.SportsCenterApp.service.AuthenticationServiceTests" time="0.006"/>
  <testcase name="testInvalidInstructorLogout()" classname="ca.mcgill.ecse321.SportsCenterApp.service.AuthenticationServiceTests" time="0.005"/>
  <testcase name="testValidOwnerLogin()" classname="ca.mcgill.ecse321.SportsCenterApp.service.AuthenticationServiceTests" time="0.006"/>
  <system-out><![CDATA[]]></system-out>
  <system-err><![CDATA[]]></system-err>
</testsuite>
